<?xml version="1.0" encoding="UTF-8"?>
<testsuite xmlns:xsi="http://www.w3.org/2001/XMLSchema-instance" xsi:noNamespaceSchemaLocation="https://maven.apache.org/surefire/maven-surefire-plugin/xsd/surefire-test-report.xsd" name="com.example.MyServiceTest" time="0.494" tests="3" errors="0" skipped="0" failures="0">
  <properties>
[...]
</properties>
  <testcase name="testExternalApi" classname="com.example.MyServiceTest" time="0.438"/>
  <testcase name="testVerifyInteraction" classname="com.example.MyServiceTest" time="0.007"/>
  <testcase name="testApiThrowsException" classname="com.example.MyServiceTest" time="0.003"/>
</testsuite>